<?xml version="1.0" encoding="UTF-8"?>
<!-- Generated by org.testng.reporters.JUnitReportReporter -->
<testsuite hostname="WINDOWS-4NUD2FB" failures="0" tests="1" name="com.cs.testcases.NewCustomerPageTest" time="27.515" errors="0" timestamp="2022-06-23T22:02:01 IST" skipped="0">
  <testcase classname="com.cs.testcases.NewCustomerPageTest" name="CreateNewCustomerPageTest" time="27.515"/>
  <system-out/>
</testsuite> <!-- com.cs.testcases.NewCustomerPageTest -->
