<?xml version="1.0" encoding="UTF-8"?>
<!-- Generated by org.testng.reporters.JUnitReportReporter -->
<testsuite hostname="WINDOWS-4NUD2FB" failures="0" tests="1" name="com.cs.testcases.LoginTest" time="12.136" errors="0" timestamp="2022-07-09T13:59:11 IST" skipped="0">
  <testcase classname="com.cs.testcases.LoginTest" name="loginTest1" time="12.136"/>
  <system-out/>
</testsuite> <!-- com.cs.testcases.LoginTest -->
