<?xml version="1.0" encoding="UTF-8"?>
<!-- Generated by org.testng.reporters.JUnitReportReporter -->
<testsuite hostname="WINDOWS-4NUD2FB" failures="0" tests="1" name="com.cs.testcases.TC_LoginDDT_001" time="0.000" errors="0" timestamp="2022-08-20T12:59:34 IST" skipped="1">
  <testcase classname="com.cs.testcases.TC_LoginDDT_001" name="LoginTest1" time="0.000">
    <skipped/>
  </testcase> <!-- LoginTest1 -->
  <system-out/>
</testsuite> <!-- com.cs.testcases.TC_LoginDDT_001 -->
